2023-04-28 09:30:20,520 [main] INFO  c.h.e.EmployeeManagementApplication                : Starting EmployeeManagementApplication using Java 17.0.6 on sahil with PID 28724 (C:\Users\sahil\OneDrive\Desktop\CapstoneProject\employee\build\classes\java\main started by sahil in C:\Users\sahil\OneDrive\Desktop\CapstoneProject\employee)
2023-04-28 09:30:20,532 [main] DEBUG c.h.e.EmployeeManagementApplication                : Running with Spring Boot v2.7.11, Spring v5.3.27
2023-04-28 09:30:20,533 [main] INFO  c.h.e.EmployeeManagementApplication                : No active profile set, falling back to 1 default profile: "default"
2023-04-28 09:30:21,491 [main] INFO  o.s.d.r.c.RepositoryConfigurationDelegate          : Bootstrapping Spring Data JPA repositories in DEFAULT mode.
2023-04-28 09:30:21,605 [main] INFO  o.s.d.r.c.RepositoryConfigurationDelegate          : Finished Spring Data repository scanning in 88 ms. Found 1 JPA repository interfaces.
2023-04-28 09:30:22,404 [main] INFO  o.s.b.w.embedded.tomcat.TomcatWebServer            : Tomcat initialized with port(s): 6065 (https)
2023-04-28 09:30:22,415 [main] INFO  org.apache.catalina.core.StandardService           : Starting service [Tomcat]
2023-04-28 09:30:22,415 [main] INFO  org.apache.catalina.core.StandardEngine            : Starting Servlet engine: [Apache Tomcat/9.0.74]
2023-04-28 09:30:22,603 [main] INFO  o.a.c.c.C.[Tomcat].[localhost].[/]                 : Initializing Spring embedded WebApplicationContext
2023-04-28 09:30:22,604 [main] INFO  o.s.b.w.s.c.ServletWebServerApplicationContext     : Root WebApplicationContext: initialization completed in 1989 ms
2023-04-28 09:30:22,818 [main] INFO  o.hibernate.jpa.internal.util.LogHelper            : HHH000204: Processing PersistenceUnitInfo [name: default]
2023-04-28 09:30:22,891 [main] INFO  org.hibernate.Version                              : HHH000412: Hibernate ORM core version 5.6.15.Final
2023-04-28 09:30:23,114 [main] INFO  org.hibernate.annotations.common.Version           : HCANN000001: Hibernate Commons Annotations {5.1.2.Final}
2023-04-28 09:30:23,262 [main] INFO  com.zaxxer.hikari.HikariDataSource                 : HikariPool-1 - Starting...
2023-04-28 09:30:24,012 [main] INFO  com.zaxxer.hikari.HikariDataSource                 : HikariPool-1 - Start completed.
2023-04-28 09:30:24,051 [main] INFO  org.hibernate.dialect.Dialect                      : HHH000400: Using dialect: org.hibernate.dialect.MySQL8Dialect
2023-04-28 09:30:24,903 [main] INFO  o.h.e.t.j.p.i.JtaPlatformInitiator                 : HHH000490: Using JtaPlatform implementation: [org.hibernate.engine.transaction.jta.platform.internal.NoJtaPlatform]
2023-04-28 09:30:24,915 [main] INFO  o.s.o.j.LocalContainerEntityManagerFactoryBean     : Initialized JPA EntityManagerFactory for persistence unit 'default'
2023-04-28 09:30:25,231 [main] WARN  o.s.b.a.o.j.JpaBaseConfiguration$JpaWebConfiguration : spring.jpa.open-in-view is enabled by default. Therefore, database queries may be performed during view rendering. Explicitly configure spring.jpa.open-in-view to disable this warning
2023-04-28 09:30:25,954 [main] INFO  o.a.t.util.net.NioEndpoint.certificate             : Connector [https-jsse-nio-6065], TLS virtual host [_default_], certificate type [UNDEFINED] configured from [file:/C:/Users/sahil/OneDrive/Desktop/CapstoneProject/employee/build/resources/main/mykeystore.jks] using alias [selfsigned] and with trust store [null]
2023-04-28 09:30:25,978 [main] INFO  o.s.b.w.embedded.tomcat.TomcatWebServer            : Tomcat started on port(s): 6065 (https) with context path ''
2023-04-28 09:30:25,987 [main] INFO  c.h.e.EmployeeManagementApplication                : Started EmployeeManagementApplication in 6.011 seconds (JVM running for 6.545)
2023-04-28 09:31:49,949 [https-jsse-nio-6065-exec-6] INFO  o.a.c.c.C.[Tomcat].[localhost].[/]                 : Initializing Spring DispatcherServlet 'dispatcherServlet'
2023-04-28 09:31:49,950 [https-jsse-nio-6065-exec-6] INFO  o.s.web.servlet.DispatcherServlet                  : Initializing Servlet 'dispatcherServlet'
2023-04-28 09:31:50,424 [https-jsse-nio-6065-exec-6] INFO  o.s.web.servlet.DispatcherServlet                  : Completed initialization in 474 ms
2023-04-28 09:31:51,038 [https-jsse-nio-6065-exec-6] TRACE c.h.e.controller.EmployeeRestController            : Entering getEmployeeById() method.
2023-04-28 09:31:51,054 [https-jsse-nio-6065-exec-6] DEBUG c.h.e.controller.EmployeeRestController            : Checking the Employee With employeeId provided:-101
2023-04-28 09:31:52,228 [https-jsse-nio-6065-exec-6] INFO  c.h.e.controller.EmployeeRestController            : Employee Info Delivered.
2023-04-28 09:31:59,286 [https-jsse-nio-6065-exec-7] TRACE c.h.e.controller.EmployeeRestController            : Entering getEmployeeById() method.
2023-04-28 09:31:59,287 [https-jsse-nio-6065-exec-7] DEBUG c.h.e.controller.EmployeeRestController            : Checking the Employee With employeeId provided:-102
2023-04-28 09:31:59,296 [https-jsse-nio-6065-exec-7] INFO  c.h.e.controller.EmployeeRestController            : Employee Info Delivered.
2023-04-28 09:32:05,252 [https-jsse-nio-6065-exec-8] TRACE c.h.e.controller.EmployeeRestController            : Entering getEmployeeById() method.
2023-04-28 09:32:05,253 [https-jsse-nio-6065-exec-8] DEBUG c.h.e.controller.EmployeeRestController            : Checking the Employee With employeeId provided:-103
2023-04-28 09:32:05,262 [https-jsse-nio-6065-exec-8] ERROR c.h.e.controller.EmployeeRestController            : Employee not Found with employeeId 103 EmployeeNotFound Exception Thrown.
