2023-05-04 15:44:12,308 [main] INFO  c.h.e.EmployeeManagementApplication                : Starting EmployeeManagementApplication using Java 17.0.6 on sahil with PID 22664 (C:\Users\sahil\OneDrive\Desktop\CapstoneProject\employee\build\classes\java\main started by sahil in C:\Users\sahil\OneDrive\Desktop\CapstoneProject\employee)
2023-05-04 15:44:12,340 [main] DEBUG c.h.e.EmployeeManagementApplication                : Running with Spring Boot v2.7.11, Spring v5.3.27
2023-05-04 15:44:12,342 [main] INFO  c.h.e.EmployeeManagementApplication                : No active profile set, falling back to 1 default profile: "default"
2023-05-04 15:44:13,834 [main] INFO  o.s.d.r.c.RepositoryConfigurationDelegate          : Bootstrapping Spring Data JPA repositories in DEFAULT mode.
2023-05-04 15:44:14,003 [main] INFO  o.s.d.r.c.RepositoryConfigurationDelegate          : Finished Spring Data repository scanning in 110 ms. Found 1 JPA repository interfaces.
2023-05-04 15:44:15,804 [main] INFO  o.s.b.w.embedded.tomcat.TomcatWebServer            : Tomcat initialized with port(s): 6065 (https)
2023-05-04 15:44:15,826 [main] INFO  org.apache.catalina.core.StandardService           : Starting service [Tomcat]
2023-05-04 15:44:15,827 [main] INFO  org.apache.catalina.core.StandardEngine            : Starting Servlet engine: [Apache Tomcat/9.0.74]
2023-05-04 15:44:16,152 [main] INFO  o.a.c.c.C.[Tomcat].[localhost].[/]                 : Initializing Spring embedded WebApplicationContext
2023-05-04 15:44:16,153 [main] INFO  o.s.b.w.s.c.ServletWebServerApplicationContext     : Root WebApplicationContext: initialization completed in 3726 ms
2023-05-04 15:44:16,616 [main] INFO  o.hibernate.jpa.internal.util.LogHelper            : HHH000204: Processing PersistenceUnitInfo [name: default]
2023-05-04 15:44:16,754 [main] INFO  org.hibernate.Version                              : HHH000412: Hibernate ORM core version 5.6.15.Final
2023-05-04 15:44:17,152 [main] INFO  org.hibernate.annotations.common.Version           : HCANN000001: Hibernate Commons Annotations {5.1.2.Final}
2023-05-04 15:44:17,407 [main] INFO  com.zaxxer.hikari.HikariDataSource                 : HikariPool-1 - Starting...
2023-05-04 15:44:19,372 [main] INFO  com.zaxxer.hikari.HikariDataSource                 : HikariPool-1 - Start completed.
2023-05-04 15:44:19,510 [main] INFO  org.hibernate.dialect.Dialect                      : HHH000400: Using dialect: org.hibernate.dialect.MySQL8Dialect
2023-05-04 15:44:22,097 [main] INFO  o.h.e.t.j.p.i.JtaPlatformInitiator                 : HHH000490: Using JtaPlatform implementation: [org.hibernate.engine.transaction.jta.platform.internal.NoJtaPlatform]
2023-05-04 15:44:22,147 [main] INFO  o.s.o.j.LocalContainerEntityManagerFactoryBean     : Initialized JPA EntityManagerFactory for persistence unit 'default'
2023-05-04 15:44:22,752 [main] WARN  o.s.b.a.o.j.JpaBaseConfiguration$JpaWebConfiguration : spring.jpa.open-in-view is enabled by default. Therefore, database queries may be performed during view rendering. Explicitly configure spring.jpa.open-in-view to disable this warning
2023-05-04 15:44:24,316 [main] INFO  o.a.t.util.net.NioEndpoint.certificate             : Connector [https-jsse-nio-6065], TLS virtual host [_default_], certificate type [UNDEFINED] configured from [file:/C:/Users/sahil/OneDrive/Desktop/CapstoneProject/employee/build/resources/main/mykeystore.jks] using alias [selfsigned] and with trust store [null]
2023-05-04 15:44:24,393 [main] INFO  o.s.b.w.embedded.tomcat.TomcatWebServer            : Tomcat started on port(s): 6065 (https) with context path ''
2023-05-04 15:44:24,411 [main] INFO  c.h.e.EmployeeManagementApplication                : Started EmployeeManagementApplication in 12.965 seconds (JVM running for 13.567)
2023-05-04 15:45:27,443 [https-jsse-nio-6065-exec-6] INFO  o.a.c.c.C.[Tomcat].[localhost].[/]                 : Initializing Spring DispatcherServlet 'dispatcherServlet'
2023-05-04 15:45:27,445 [https-jsse-nio-6065-exec-6] INFO  o.s.web.servlet.DispatcherServlet                  : Initializing Servlet 'dispatcherServlet'
2023-05-04 15:45:27,446 [https-jsse-nio-6065-exec-6] INFO  o.s.web.servlet.DispatcherServlet                  : Completed initialization in 1 ms
2023-05-04 15:45:27,508 [https-jsse-nio-6065-exec-6] WARN  o.s.w.s.m.s.DefaultHandlerExceptionResolver        : Resolved [org.springframework.web.method.annotation.MethodArgumentTypeMismatchException: Failed to convert value of type 'java.lang.String' to required type 'int'; nested exception is java.lang.NumberFormatException: For input string: "employees"]
2023-05-04 15:46:18,419 [https-jsse-nio-6065-exec-7] WARN  o.s.w.s.m.s.DefaultHandlerExceptionResolver        : Resolved [org.springframework.web.HttpRequestMethodNotSupportedException: Request method 'GET' not supported]
